<?xml version="1.0" encoding="UTF-8"?>
<!-- Generated by org.testng.reporters.JUnitReportReporter -->
<testsuite hostname="DESKTOP-TJOH7SC" name="com.api.testing.Temprature_Validator" tests="3" failures="0" timestamp="31 May 2020 10:54:34 GMT" time="15.346" errors="0">
  <testcase name="tempAndminTempValidation" time="6.648" classname="com.api.testing.Temprature_Validator"/>
  <testcase name="tempAndmaxTempValidation" time="0.006" classname="com.api.testing.Temprature_Validator"/>
  <testcase name="getData" time="8.692" classname="com.api.testing.Temprature_Validator"/>
</testsuite> <!-- com.api.testing.Temprature_Validator -->
