<?xml version="1.0" encoding="UTF-8"?>
<!-- Generated by org.testng.reporters.JUnitReportReporter -->
<testsuite hostname="DESKTOP-TJOH7SC" name="com.api.testing.Count_Daysof_Data" tests="1" failures="0" timestamp="31 May 2020 11:12:32 GMT" time="5.714" errors="0">
  <testcase name="countNumberOfDaysData" time="5.714" classname="com.api.testing.Count_Daysof_Data"/>
</testsuite> <!-- com.api.testing.Count_Daysof_Data -->
